#! /c/Source/iverilog-install/bin/vvp
:ivl_version "12.0 (devel)" "(s20150603-1110-g18392a46)";
:ivl_delay_selection "TYPICAL";
:vpi_time_precision + 0;
:vpi_module "S:\verilog\iverilog\lib\ivl\system.vpi";
:vpi_module "S:\verilog\iverilog\lib\ivl\vhdl_sys.vpi";
:vpi_module "S:\verilog\iverilog\lib\ivl\vhdl_textio.vpi";
:vpi_module "S:\verilog\iverilog\lib\ivl\v2005_math.vpi";
:vpi_module "S:\verilog\iverilog\lib\ivl\va_math.vpi";
S_000001b5c58469d0 .scope module, "multiwire" "multiwire" 2 1;
 .timescale 0 0;
    .port_info 0 /INPUT 1 "a";
    .port_info 1 /INPUT 1 "b";
    .port_info 2 /INPUT 1 "c";
    .port_info 3 /OUTPUT 1 "x";
    .port_info 4 /OUTPUT 1 "y";
    .port_info 5 /OUTPUT 1 "w";
    .port_info 6 /OUTPUT 1 "z";
o000001b5c56a6fb8 .functor BUFZ 1, C4<z>; HiZ drive
L_000001b5c56a6e00 .functor BUFZ 1, o000001b5c56a6fb8, C4<0>, C4<0>, C4<0>;
o000001b5c56a6fe8 .functor BUFZ 1, C4<z>; HiZ drive
L_000001b5c5848df0 .functor BUFZ 1, o000001b5c56a6fe8, C4<0>, C4<0>, C4<0>;
L_000001b5c58472e0 .functor BUFZ 1, o000001b5c56a6fe8, C4<0>, C4<0>, C4<0>;
o000001b5c56a7018 .functor BUFZ 1, C4<z>; HiZ drive
L_000001b5c56a46f0 .functor BUFZ 1, o000001b5c56a7018, C4<0>, C4<0>, C4<0>;
v000001b5c5848d50_0 .net "a", 0 0, o000001b5c56a6fb8;  0 drivers
v000001b5c56a6d60_0 .net "b", 0 0, o000001b5c56a6fe8;  0 drivers
v000001b5c5846b60_0 .net "c", 0 0, o000001b5c56a7018;  0 drivers
v000001b5c5846c00_0 .net "w", 0 0, L_000001b5c58472e0;  1 drivers
v000001b5c5846ca0_0 .net "x", 0 0, L_000001b5c56a6e00;  1 drivers
v000001b5c5846d40_0 .net "y", 0 0, L_000001b5c5848df0;  1 drivers
v000001b5c5846de0_0 .net "z", 0 0, L_000001b5c56a46f0;  1 drivers
# The file index is used to find the file name in the following table.
:file_names 3;
    "N/A";
    "<interactive>";
    "multiple_wire.v";
